<?xml version="1.0" encoding="UTF-8"?>
<!-- Generated by org.testng.reporters.JUnitXMLReporter -->
<testsuite hostname="Dizerc" ignored="2" name="Default test" tests="2" failures="0" timestamp="04 Dec 2018 07:55:58 GMT" time="44.801" errors="0">
  <testcase name="verifyHomePageTitleTest" time="0.011" classname="com.sapling.qa.testcases.HomePageTest"/>
  <testcase name="verifysignoff" time="3.461" classname="com.sapling.qa.testcases.HomePageTest"/>
  <testcase name="verifyUserNameTest" time="0.0" classname="com.sapling.qa.testcases.HomePageTest">
    <ignored/>
  </testcase> <!-- verifyUserNameTest -->
  <testcase name="verifyContactsLinkTest" time="0.0" classname="com.sapling.qa.testcases.HomePageTest">
    <ignored/>
  </testcase> <!-- verifyContactsLinkTest -->
</testsuite> <!-- Default test -->
