<?xml version="1.0" encoding="UTF-8"?>
<!-- Generated by org.testng.reporters.JUnitXMLReporter -->
<testsuite hostname="Dizerc" ignored="2" name="Default test" tests="2" failures="0" timestamp="04 Dec 2018 07:16:09 GMT" time="24.451" errors="0">
  <testcase name="verifyHomePageTitleTest" time="0.016" classname="com.sapling.qa.testcases.HomePageTest"/>
  <testcase name="Verifysignoff" time="3.424" classname="com.sapling.qa.testcases.HomePageTest"/>
  <testcase name="verifyUserNameTest" time="0.0" classname="com.sapling.qa.testcases.HomePageTest">
    <ignored/>
  </testcase> <!-- verifyUserNameTest -->
  <testcase name="verifyContactsLinkTest" time="0.0" classname="com.sapling.qa.testcases.HomePageTest">
    <ignored/>
  </testcase> <!-- verifyContactsLinkTest -->
</testsuite> <!-- Default test -->
